-------------------------------------------------------------------------------
Test set: com.uregina.app.DateTest
-------------------------------------------------------------------------------
Tests run: 5, Failures: 1, Errors: 0, Skipped: 0, Time elapsed: 0.002 s <<< FAILURE! - in com.uregina.app.DateTest
datesNotTheSameOrConsecutive(com.uregina.app.DateTest)  Time elapsed: 0 s  <<< FAILURE!
java.lang.AssertionError: Expected exception: com.uregina.exceptions.MoreThanOneDayException

