-------------------------------------------------------------------------------
Test set: com.uregina.app.CyclicTest
-------------------------------------------------------------------------------
Tests run: 6, Failures: 1, Errors: 0, Skipped: 0, Time elapsed: 0.002 s <<< FAILURE! - in com.uregina.app.CyclicTest
oneFlight_Cyclic(com.uregina.app.CyclicTest)  Time elapsed: 0.001 s  <<< FAILURE!
java.lang.AssertionError: Expected exception: com.uregina.exceptions.FlightHasSameArrivalAndDeparture

