<?xml version="1.0" encoding="UTF-8"?>
<testsuite xmlns:xsi="http://www.w3.org/2001/XMLSchema-instance" xsi:noNamespaceSchemaLocation="https://maven.apache.org/surefire/maven-surefire-plugin/xsd/surefire-test-report.xsd" name="com.uregina.app.TicketTest" time="0.006" tests="10" errors="2" skipped="0" failures="3">
  <properties>
    <property name="java.specification.version" value="15"/>
    <property name="sun.cpu.isalist" value="amd64"/>
    <property name="sun.jnu.encoding" value="Cp1252"/>
    <property name="java.class.path" value="C:\dev\Git\375Final\target\test-classes;C:\dev\Git\375Final\target\classes;C:\Users\William\.m2\repository\junit\junit\4.11\junit-4.11.jar;C:\Users\William\.m2\repository\org\hamcrest\hamcrest-core\1.3\hamcrest-core-1.3.jar;"/>
    <property name="java.vm.vendor" value="Oracle Corporation"/>
    <property name="sun.arch.data.model" value="64"/>
    <property name="user.variant" value=""/>
    <property name="java.vendor.url" value="https://java.oracle.com/"/>
    <property name="user.timezone" value="America/Regina"/>
    <property name="os.name" value="Windows 10"/>
    <property name="java.vm.specification.version" value="15"/>
    <property name="sun.java.launcher" value="SUN_STANDARD"/>
    <property name="user.country" value="CA"/>
    <property name="sun.boot.library.path" value="C:\Program Files\Java\jdk-15.0.2\bin"/>
    <property name="sun.java.command" value="C:\Users\William\AppData\Local\Temp\surefire5677899638664957103\surefirebooter8912241837589025958.jar C:\Users\William\AppData\Local\Temp\surefire5677899638664957103 2021-04-27T14-55-29_183-jvmRun1 surefire12294868414398954354tmp surefire_0121089164174669333tmp"/>
    <property name="jdk.debug" value="release"/>
    <property name="surefire.test.class.path" value="C:\dev\Git\375Final\target\test-classes;C:\dev\Git\375Final\target\classes;C:\Users\William\.m2\repository\junit\junit\4.11\junit-4.11.jar;C:\Users\William\.m2\repository\org\hamcrest\hamcrest-core\1.3\hamcrest-core-1.3.jar;"/>
    <property name="sun.cpu.endian" value="little"/>
    <property name="user.home" value="C:\Users\William"/>
    <property name="user.language" value="en"/>
    <property name="java.specification.vendor" value="Oracle Corporation"/>
    <property name="java.version.date" value="2021-01-19"/>
    <property name="java.home" value="C:\Program Files\Java\jdk-15.0.2"/>
    <property name="file.separator" value="\"/>
    <property name="basedir" value="C:\dev\Git\375Final"/>
    <property name="java.vm.compressedOopsMode" value="Zero based"/>
    <property name="line.separator" value="&#10;"/>
    <property name="java.vm.specification.vendor" value="Oracle Corporation"/>
    <property name="java.specification.name" value="Java Platform API Specification"/>
    <property name="surefire.real.class.path" value="C:\Users\William\AppData\Local\Temp\surefire5677899638664957103\surefirebooter8912241837589025958.jar"/>
    <property name="user.script" value=""/>
    <property name="sun.management.compiler" value="HotSpot 64-Bit Tiered Compilers"/>
    <property name="java.runtime.version" value="15.0.2+7-27"/>
    <property name="user.name" value="William"/>
    <property name="path.separator" value=";"/>
    <property name="os.version" value="10.0"/>
    <property name="java.runtime.name" value="OpenJDK Runtime Environment"/>
    <property name="file.encoding" value="Cp1252"/>
    <property name="java.vm.name" value="OpenJDK 64-Bit Server VM"/>
    <property name="localRepository" value="C:\Users\William\.m2\repository"/>
    <property name="java.vendor.url.bug" value="https://bugreport.java.com/bugreport/"/>
    <property name="java.io.tmpdir" value="C:\Users\William\AppData\Local\Temp\"/>
    <property name="java.version" value="15.0.2"/>
    <property name="user.dir" value="C:\dev\Git\375Final"/>
    <property name="os.arch" value="amd64"/>
    <property name="java.vm.specification.name" value="Java Virtual Machine Specification"/>
    <property name="sun.os.patch.level" value=""/>
    <property name="java.library.path" value="C:\Program Files\Java\jdk-15.0.2\bin;C:\WINDOWS\Sun\Java\bin;C:\WINDOWS\system32;C:\WINDOWS;C:\Program Files\Python38\Scripts\;C:\Program Files\Python38\;C:\Program Files (x86)\Common Files\Oracle\Java\javapath;C:\WINDOWS\system32;C:\WINDOWS;C:\WINDOWS\System32\Wbem;C:\WINDOWS\System32\WindowsPowerShell\v1.0\;C:\WINDOWS\System32\OpenSSH\;C:\Program Files\nodejs\;C:\Program Files\dotnet\;C:\Program Files (x86)\Windows Kits\8.1\Windows Performance Toolkit\;C:\Users\{Your Username}\AppData\Roaming\npm;C:\Python27;C:\Program Files\CMake\bin;C:\Program Files (x86)\GnuWin32\bin;C:\Program Files\Git\cmd;C:\Program Files\Java\jdk-15.0.2\bin;C:\HashiCorp\Vagrant\bin;C:\gradle-6.8.3\bin;C:\Users\William;C:\Program Files\apache-maven-3.6.3\bin;C:\Users\William\flutter\bin;;C:\Program Files\Docker\Docker\resources\bin;C:\ProgramData\DockerDesktop\version-bin;C:\Ruby26-x64\bin;C:\Users\William\.windows-build-tools\python27\;C:\Users\William\AppData\Local\Microsoft\WindowsApps;C:\Users\William\AppData\Local\Programs\Microsoft VS Code\bin;C:\Users\William\AppData\Roaming\npm;C:\Users\William\AppData\Local\GitHubDesktop\bin;C:\Python27;C:\Users\William\.windows-build-tools\python27\Scripts;C:\Program Files\Java\jdk-15.0.2\bin;C:\Program Files\Multipass\bin;;%USERPROFILE%\AppData\Local\Microsoft\WindowsApps;."/>
    <property name="java.vm.info" value="mixed mode, sharing"/>
    <property name="java.vendor" value="Oracle Corporation"/>
    <property name="java.vm.version" value="15.0.2+7-27"/>
    <property name="sun.io.unicode.encoding" value="UnicodeLittle"/>
    <property name="java.class.version" value="59.0"/>
  </properties>
  <testcase name="validFlights" classname="com.uregina.app.TicketTest" time="0.001">
    <failure type="java.lang.AssertionError">java.lang.AssertionError
	at com.uregina.app.TicketTest.validFlights(TicketTest.java:180)
</failure>
    <system-out><![CDATA[1
1
]]></system-out>
  </testcase>
  <testcase name="hasSchengenVisa" classname="com.uregina.app.TicketTest" time="0"/>
  <testcase name="shouldAnswerWithTrue" classname="com.uregina.app.TicketTest" time="0"/>
  <testcase name="tooMuchFlightTime" classname="com.uregina.app.TicketTest" time="0">
    <error message="Unexpected exception, expected&lt;com.uregina.exceptions.TooMuchFlightTimeException&gt; but was&lt;java.lang.AssertionError&gt;" type="java.lang.Exception"><![CDATA[java.lang.Exception: Unexpected exception, expected<com.uregina.exceptions.TooMuchFlightTimeException> but was<java.lang.AssertionError>
	at com.uregina.app.TicketTest.tooMuchFlightTime(TicketTest.java:60)
]]></error>
    <system-out><![CDATA[1
]]></system-out>
  </testcase>
  <testcase name="invalidIATA" classname="com.uregina.app.TicketTest" time="0"/>
  <testcase name="noSchengenVisa" classname="com.uregina.app.TicketTest" time="0">
    <failure type="java.lang.AssertionError">java.lang.AssertionError
	at com.uregina.app.TicketTest.noSchengenVisa(TicketTest.java:120)
</failure>
    <system-out><![CDATA[1
]]></system-out>
  </testcase>
  <testcase name="isCyclicTrip" classname="com.uregina.app.TicketTest" time="0.001"/>
  <testcase name="triggerIncorrectFlightOrder" classname="com.uregina.app.TicketTest" time="0.001">
    <failure message="Expected exception: com.uregina.exceptions.IncorrectFlightOrderException" type="java.lang.AssertionError">java.lang.AssertionError: Expected exception: com.uregina.exceptions.IncorrectFlightOrderException
</failure>
    <system-out><![CDATA[1
Whoops 9Incorrect Flight Order!
]]></system-out>
  </testcase>
  <testcase name="tooMuchLayover" classname="com.uregina.app.TicketTest" time="0.001">
    <error message="Unexpected exception, expected&lt;com.uregina.exceptions.TooMuchFlightTimeException&gt; but was&lt;java.lang.AssertionError&gt;" type="java.lang.Exception"><![CDATA[java.lang.Exception: Unexpected exception, expected<com.uregina.exceptions.TooMuchFlightTimeException> but was<java.lang.AssertionError>
	at com.uregina.app.TicketTest.tooMuchLayover(TicketTest.java:81)
]]></error>
    <system-out><![CDATA[1
1
]]></system-out>
  </testcase>
  <testcase name="tooManyFlights" classname="com.uregina.app.TicketTest" time="0"/>
</testsuite>