<?xml version="1.0" encoding="UTF-8"?>
<testsuite xmlns:xsi="http://www.w3.org/2001/XMLSchema-instance" xsi:noNamespaceSchemaLocation="https://maven.apache.org/surefire/maven-surefire-plugin/xsd/surefire-test-report.xsd" name="com.uregina.app.TicketTest" time="0.006" tests="10" errors="2" skipped="0" failures="3">
  <properties>
[...]
</properties>
  <testcase name="validFlights" classname="com.uregina.app.TicketTest" time="0.001">
    <failure type="java.lang.AssertionError">java.lang.AssertionError
	at com.uregina.app.TicketTest.validFlights(TicketTest.java:180)
</failure>
    <system-out><![CDATA[1
1
]]></system-out>
  </testcase>
  <testcase name="hasSchengenVisa" classname="com.uregina.app.TicketTest" time="0"/>
  <testcase name="shouldAnswerWithTrue" classname="com.uregina.app.TicketTest" time="0"/>
  <testcase name="tooMuchFlightTime" classname="com.uregina.app.TicketTest" time="0">
    <error message="Unexpected exception, expected&lt;com.uregina.exceptions.TooMuchFlightTimeException&gt; but was&lt;java.lang.AssertionError&gt;" type="java.lang.Exception"><![CDATA[java.lang.Exception: Unexpected exception, expected<com.uregina.exceptions.TooMuchFlightTimeException> but was<java.lang.AssertionError>
	at com.uregina.app.TicketTest.tooMuchFlightTime(TicketTest.java:60)
]]></error>
    <system-out><![CDATA[1
]]></system-out>
  </testcase>
  <testcase name="invalidIATA" classname="com.uregina.app.TicketTest" time="0"/>
  <testcase name="noSchengenVisa" classname="com.uregina.app.TicketTest" time="0">
    <failure type="java.lang.AssertionError">java.lang.AssertionError
	at com.uregina.app.TicketTest.noSchengenVisa(TicketTest.java:120)
</failure>
    <system-out><![CDATA[1
]]></system-out>
  </testcase>
  <testcase name="isCyclicTrip" classname="com.uregina.app.TicketTest" time="0.001"/>
  <testcase name="triggerIncorrectFlightOrder" classname="com.uregina.app.TicketTest" time="0.001">
    <failure message="Expected exception: com.uregina.exceptions.IncorrectFlightOrderException" type="java.lang.AssertionError">java.lang.AssertionError: Expected exception: com.uregina.exceptions.IncorrectFlightOrderException
</failure>
    <system-out><![CDATA[1
Whoops 9Incorrect Flight Order!
]]></system-out>
  </testcase>
  <testcase name="tooMuchLayover" classname="com.uregina.app.TicketTest" time="0.001">
    <error message="Unexpected exception, expected&lt;com.uregina.exceptions.TooMuchFlightTimeException&gt; but was&lt;java.lang.AssertionError&gt;" type="java.lang.Exception"><![CDATA[java.lang.Exception: Unexpected exception, expected<com.uregina.exceptions.TooMuchFlightTimeException> but was<java.lang.AssertionError>
	at com.uregina.app.TicketTest.tooMuchLayover(TicketTest.java:81)
]]></error>
    <system-out><![CDATA[1
1
]]></system-out>
  </testcase>
  <testcase name="tooManyFlights" classname="com.uregina.app.TicketTest" time="0"/>
</testsuite>