<?xml version="1.0" encoding="UTF-8"?>
<testsuite xmlns:xsi="http://www.w3.org/2001/XMLSchema-instance" xsi:noNamespaceSchemaLocation="https://maven.apache.org/surefire/maven-surefire-plugin/xsd/surefire-test-report.xsd" name="com.uregina.app.LessThanTest" time="0.003" tests="26" errors="0" skipped="0" failures="0">
  <properties>
[...]
</properties>
  <testcase name="d1DayBigger_d1MonthSmaller_d1YearBigger" classname="com.uregina.app.LessThanTest" time="0"/>
  <testcase name="d1DaySmaller_d1MonthSmaller_d1YearSame" classname="com.uregina.app.LessThanTest" time="0"/>
  <testcase name="d1DaySame_d1MonthBigger_d1YearBigger" classname="com.uregina.app.LessThanTest" time="0"/>
  <testcase name="d1DayBigger_d1MonthBigger_d1YearBigger" classname="com.uregina.app.LessThanTest" time="0"/>
  <testcase name="d1DaySame_d1MonthSame_d1YearSmaller" classname="com.uregina.app.LessThanTest" time="0"/>
  <testcase name="d1DaySmaller_d1MonthSame_d1YearBigger" classname="com.uregina.app.LessThanTest" time="0"/>
  <testcase name="d1DayBigger_d1MonthBigger_d1YearSame" classname="com.uregina.app.LessThanTest" time="0"/>
  <testcase name="d1AllSmaller" classname="com.uregina.app.LessThanTest" time="0"/>
  <testcase name="d1DaySame_d1MonthSmaller_d1YearBigger" classname="com.uregina.app.LessThanTest" time="0"/>
  <testcase name="d1DayBigger_d1MonthSame_d1YearSmaller" classname="com.uregina.app.LessThanTest" time="0"/>
  <testcase name="d1DaySame_d1MonthSmaller_d1YearSame" classname="com.uregina.app.LessThanTest" time="0"/>
  <testcase name="d1DayBigger_d1MonthBigger_d1YearSmaller" classname="com.uregina.app.LessThanTest" time="0"/>
  <testcase name="d1DaySame_d1MonthBigger_d1YearSame" classname="com.uregina.app.LessThanTest" time="0"/>
  <testcase name="d1DayBigger_d1MonthSame_d1YearSame" classname="com.uregina.app.LessThanTest" time="0"/>
  <testcase name="d1DayBigger_d1MonthSame_d1YearBigger" classname="com.uregina.app.LessThanTest" time="0"/>
  <testcase name="d1DaySmaller_d1MonthSmaller_d1YearBigger" classname="com.uregina.app.LessThanTest" time="0"/>
  <testcase name="d1DayBigger_d1MonthSmaller_d1YearSame" classname="com.uregina.app.LessThanTest" time="0"/>
  <testcase name="d1DaySame_d1MonthSame_d1YearBigger" classname="com.uregina.app.LessThanTest" time="0"/>
  <testcase name="d1AllBigger" classname="com.uregina.app.LessThanTest" time="0"/>
  <testcase name="d1DaySmaller_d1MonthSame_d1YearSame" classname="com.uregina.app.LessThanTest" time="0"/>
  <testcase name="d1DaySame_d1MonthBigger_d1YearSmaller" classname="com.uregina.app.LessThanTest" time="0"/>
  <testcase name="d1DaySmaller_d1MonthBigger_d1YearBigger" classname="com.uregina.app.LessThanTest" time="0"/>
  <testcase name="d1DaySmaller_d1MonthSame_d1YearSmaller" classname="com.uregina.app.LessThanTest" time="0"/>
  <testcase name="d1DaySmaller_d1MonthBigger_d1YearSmaller" classname="com.uregina.app.LessThanTest" time="0"/>
  <testcase name="AllEqual" classname="com.uregina.app.LessThanTest" time="0"/>
  <testcase name="d1DaySmaller_d1MonthBigger_d1YearSame" classname="com.uregina.app.LessThanTest" time="0"/>
</testsuite>